<?xml version="1.0" encoding="UTF-8"?>
<!-- Generated by org.testng.reporters.JUnitReportReporter -->
<testsuite hostname="admins-MBP" failures="0" tests="1" name="runner.runner" time="3.186" errors="0" timestamp="02 Aug 2018 18:29:23 GMT" skipped="0">
  <testcase classname="runner.runner" name="f" time="3.186"/>
</testsuite> <!-- runner.runner -->
