<?xml version="1.0" encoding="UTF-8"?>
<!-- Generated by org.testng.reporters.JUnitReportReporter -->
<testsuite hostname="admins-MBP" failures="0" tests="1" name="utilities.ExcelReader" time="16.287" errors="0" timestamp="02 Aug 2018 22:24:59 GMT" skipped="0">
  <testcase classname="utilities.ExcelReader" name="salaryCalculation" time="16.287"/>
</testsuite> <!-- utilities.ExcelReader -->
